[debug] [2021-02-13T19:22:56.555Z] ----------------------------------------------------------------------
[debug] [2021-02-13T19:22:56.556Z] Command:       C:\Program Files\nodejs\node.exe C:\Users\jlcal\AppData\Roaming\npm\node_modules\firebase-tools\lib\bin\firebase.js init
[debug] [2021-02-13T19:22:56.556Z] CLI Version:   9.3.0
[debug] [2021-02-13T19:22:56.556Z] Platform:      win32
[debug] [2021-02-13T19:22:56.557Z] Node Version:  v14.15.5
[debug] [2021-02-13T19:22:56.557Z] Time:          Sat Feb 13 2021 14:22:56 GMT-0500 (Eastern Standard Time)
[debug] [2021-02-13T19:22:56.557Z] ----------------------------------------------------------------------
[debug] [2021-02-13T19:22:56.557Z] 
[debug] [2021-02-13T19:22:56.561Z] > command requires scopes: ["email","openid","https://www.googleapis.com/auth/cloudplatformprojects.readonly","https://www.googleapis.com/auth/firebase","https://www.googleapis.com/auth/cloud-platform"]
[debug] [2021-02-13T19:22:56.561Z] > authorizing via signed-in user
[info] 
     ######## #### ########  ######## ########     ###     ######  ########
     ##        ##  ##     ## ##       ##     ##  ##   ##  ##       ##
     ######    ##  ########  ######   ########  #########  ######  ######
     ##        ##  ##    ##  ##       ##     ## ##     ##       ## ##
     ##       #### ##     ## ######## ########  ##     ##  ######  ########

You're about to initialize a Firebase project in this directory:

  C:\Users\jlcal\OneDrive\Desktop\Projects\student-reward

Before we get started, keep in mind:

  * You are initializing in an existing Firebase project directory

